2022-04-03 11:54:22,878 [INFO] Starting web server
2022-04-03 11:54:23,878 [ERROR] UDP Timeout
2022-04-03 11:54:24,880 [ERROR] UDP Timeout
2022-04-03 11:54:25,469 [INFO] User interrupt
2022-04-03 11:54:25,483 [INFO] Closing serial
2022-04-03 11:54:29,987 [INFO] Starting web server
2022-04-03 11:54:30,989 [ERROR] UDP Timeout
2022-04-03 11:54:31,991 [ERROR] UDP Timeout
2022-04-03 11:54:33,647 [INFO] User interrupt
2022-04-03 11:54:33,696 [INFO] Closing serial
2022-04-03 11:54:45,822 [INFO] Starting web server
2022-04-03 11:54:46,822 [ERROR] UDP Timeout
2022-04-03 11:54:47,824 [ERROR] UDP Timeout
2022-04-03 11:54:49,788 [INFO] User interrupt
2022-04-03 11:54:49,830 [INFO] Closing serial
2022-04-03 11:54:50,370 [ERROR] UDP Timeout
2022-04-03 11:54:50,371 [INFO] Reset enable
2022-04-03 11:55:03,669 [INFO] Starting web server
2022-04-03 11:55:04,670 [ERROR] UDP Timeout
2022-04-03 11:55:05,672 [ERROR] UDP Timeout
2022-04-03 11:55:10,627 [ERROR] UDP Timeout
2022-04-03 11:55:11,629 [ERROR] UDP Timeout
2022-04-03 11:55:12,631 [ERROR] UDP Timeout
2022-04-03 11:55:13,633 [ERROR] UDP Timeout
2022-04-03 11:55:14,636 [ERROR] UDP Timeout
2022-04-03 11:55:15,637 [ERROR] UDP Timeout
2022-04-03 11:55:16,639 [ERROR] UDP Timeout
2022-04-03 11:55:17,641 [ERROR] UDP Timeout
2022-04-03 11:55:18,209 [INFO] User interrupt
2022-04-03 11:55:18,300 [INFO] Closing serial
2022-04-03 11:55:18,644 [ERROR] UDP Timeout
2022-04-03 11:55:19,646 [ERROR] UDP Timeout
2022-04-03 11:55:19,646 [INFO] Reset enable
2022-04-03 11:55:20,648 [ERROR] UDP Timeout
2022-04-03 11:55:20,648 [INFO] Set mode to STOP
2022-04-03 11:55:21,650 [ERROR] UDP Timeout
2022-04-03 11:55:55,535 [INFO] Starting web server
2022-04-03 11:56:08,997 [INFO] 304 GET / (::1) 9.00ms
2022-04-03 11:56:09,058 [INFO] 200 GET /static/panTilt.js (::1) 7.11ms
2022-04-03 11:56:09,101 [INFO] 101 GET /websocket (::1) 1.32ms
2022-04-03 11:56:09,101 [INFO] WebSocket opened
2022-04-03 11:56:40,615 [INFO] User interrupt
2022-04-03 11:56:40,638 [INFO] Closing serial
2022-04-03 11:56:41,889 [INFO] Reset enable
2022-04-03 11:56:41,894 [INFO] Set mode to STOP
2022-04-03 11:56:41,900 [INFO] Spot micro terminated
2022-04-03 12:01:29,575 [INFO] Starting web server
2022-04-03 12:01:38,343 [INFO] User interrupt
2022-04-03 12:01:38,395 [INFO] Closing serial
2022-04-03 12:01:39,062 [INFO] Reset enable
2022-04-03 12:01:39,066 [INFO] Set mode to STOP
2022-04-03 12:01:39,070 [INFO] Spot micro terminated
2022-04-03 12:02:35,924 [INFO] Starting web server
2022-04-03 12:02:39,644 [INFO] 304 GET / (::1) 3.42ms
2022-04-03 12:02:39,696 [INFO] 200 GET /static/panTilt.js (::1) 5.17ms
2022-04-03 12:02:57,747 [INFO] 304 GET / (::1) 2.25ms
2022-04-03 12:02:57,790 [INFO] 304 GET /static/panTilt.js (::1) 2.38ms
2022-04-03 12:03:06,717 [INFO] User interrupt
2022-04-03 12:03:06,793 [INFO] Closing serial
2022-04-03 12:03:08,255 [INFO] Reset enable
2022-04-03 12:03:08,260 [INFO] Set mode to STOP
2022-04-03 12:03:08,265 [INFO] Spot micro terminated
2022-04-03 12:03:52,166 [INFO] Starting web server
2022-04-03 12:03:55,529 [INFO] 304 GET / (::1) 5.38ms
2022-04-03 12:03:55,581 [INFO] 200 GET /static/panTilt.js (::1) 6.94ms
2022-04-03 12:03:55,628 [INFO] 101 GET /websocket (::1) 2.64ms
2022-04-03 12:03:55,631 [INFO] WebSocket opened
2022-04-03 12:04:14,129 [INFO] User interrupt
2022-04-03 12:04:14,216 [INFO] Closing serial
2022-04-03 12:04:15,634 [INFO] Reset enable
2022-04-03 12:04:15,638 [INFO] Set mode to STOP
2022-04-03 12:04:15,643 [INFO] Spot micro terminated
2022-04-03 12:04:46,009 [INFO] Starting web server
2022-04-03 12:04:50,510 [INFO] 304 GET / (::1) 5.28ms
2022-04-03 12:04:50,554 [INFO] 200 GET /static/panTilt.js (::1) 6.07ms
2022-04-03 12:04:50,599 [INFO] 101 GET /websocket (::1) 1.27ms
2022-04-03 12:04:50,599 [INFO] WebSocket opened
2022-04-03 12:05:36,283 [INFO] 304 GET / (::1) 4.27ms
2022-04-03 12:05:36,313 [INFO] WebSocket closed
2022-04-03 12:05:36,334 [INFO] 200 GET /static/panTilt.js (::1) 1.86ms
2022-04-03 12:05:36,395 [INFO] 101 GET /websocket (::1) 0.90ms
2022-04-03 12:05:36,399 [INFO] WebSocket opened
2022-04-03 12:06:25,408 [ERROR] Error Code : 5 Message  
2022-04-03 12:06:25,908 [ERROR] Error Code : 5 Message  
2022-04-03 12:06:26,408 [ERROR] Error Code : 5 Message  
2022-04-03 12:06:26,908 [ERROR] Error Code : 5 Message  
2022-04-03 12:06:27,326 [ERROR] Error Code : 4 Message  
2022-04-03 12:06:27,408 [ERROR] Error Code : 5 Message  
2022-04-03 12:06:27,908 [ERROR] Error Code : 5 Message  
2022-04-03 12:06:28,402 [ERROR] Error Code : 4 Message  
2022-04-03 12:06:28,408 [ERROR] Error Code : 5 Message  
2022-04-03 12:06:28,908 [ERROR] Error Code : 5 Message  
2022-04-03 12:06:29,300 [INFO] User interrupt
2022-04-03 12:06:29,338 [INFO] Closing serial
2022-04-03 12:06:30,550 [ERROR] Error Code : 4 Message  
2022-04-03 12:06:30,551 [INFO] Reset enable
2022-04-03 12:06:30,551 [ERROR] Error Code : 4 Message  
2022-04-03 12:06:30,551 [INFO] Set mode to STOP
2022-04-03 12:06:30,552 [ERROR] Error Code : 4 Message  
2022-04-03 12:06:32,544 [INFO] Starting web server
2022-04-03 12:06:38,245 [INFO] User interrupt
2022-04-03 12:06:38,258 [INFO] Closing serial
2022-04-03 12:06:38,794 [INFO] Reset enable
2022-04-03 12:06:38,800 [INFO] Set mode to STOP
2022-04-03 12:06:38,805 [INFO] Spot micro terminated
